[0.024s] Invoking command in '/home/nvidia/object_slam/build/gr1-localization-orb-slam3': CMAKE_PREFIX_PATH=/opt/ros/foxy CONDA_PROMPT_MODIFIER=(base) /usr/bin/cmake --build /home/nvidia/object_slam/build/gr1-localization-orb-slam3 -- -j12 -l12
[0.109s] [35m[1mScanning dependencies of target rgbd_yolo[0m
[0.213s] [ 25%] [32mBuilding CXX object CMakeFiles/rgbd_yolo.dir/src/rgbd_yolo_node.cpp.o[0m
[38.275s] [ 50%] [32m[1mLinking CXX executable rgbd_yolo[0m
[39.407s] [100%] Built target rgbd_yolo
[39.428s] Invoked command in '/home/nvidia/object_slam/build/gr1-localization-orb-slam3' returned '0': CMAKE_PREFIX_PATH=/opt/ros/foxy CONDA_PROMPT_MODIFIER=(base) /usr/bin/cmake --build /home/nvidia/object_slam/build/gr1-localization-orb-slam3 -- -j12 -l12
[39.500s] Invoking command in '/home/nvidia/object_slam/build/gr1-localization-orb-slam3': CMAKE_PREFIX_PATH=/opt/ros/foxy CONDA_PROMPT_MODIFIER=(base) /usr/bin/cmake --install /home/nvidia/object_slam/build/gr1-localization-orb-slam3
[39.516s] -- Install configuration: "Release"
[39.516s] -- Installing: /home/nvidia/object_slam/install/gr1-localization-orb-slam3/lib/gr1-localization-orb-slam3/rgbd_yolo
[39.518s] -- Set runtime path of "/home/nvidia/object_slam/install/gr1-localization-orb-slam3/lib/gr1-localization-orb-slam3/rgbd_yolo" to ""
[39.518s] -- Up-to-date: /home/nvidia/object_slam/install/gr1-localization-orb-slam3/lib/gr1-localization-orb-slam3/config
[39.519s] -- Up-to-date: /home/nvidia/object_slam/install/gr1-localization-orb-slam3/lib/gr1-localization-orb-slam3/config/sim_mono.yaml
[39.519s] -- Up-to-date: /home/nvidia/object_slam/install/gr1-localization-orb-slam3/lib/gr1-localization-orb-slam3/config/sim.yaml
[39.519s] -- Up-to-date: /home/nvidia/object_slam/install/gr1-localization-orb-slam3/lib/gr1-localization-orb-slam3/config/RealSense_D435i.yaml
[39.519s] -- Up-to-date: /home/nvidia/object_slam/install/gr1-localization-orb-slam3/lib/gr1-localization-orb-slam3/config/stereo_2173.yaml
[39.519s] -- Up-to-date: /home/nvidia/object_slam/install/gr1-localization-orb-slam3/lib/gr1-localization-orb-slam3/config/RealSense_D455i.yaml
[39.519s] -- Up-to-date: /home/nvidia/object_slam/install/gr1-localization-orb-slam3/share/gr1-localization-orb-slam3/launch
[39.520s] -- Up-to-date: /home/nvidia/object_slam/install/gr1-localization-orb-slam3/share/gr1-localization-orb-slam3/launch/rs_d435_stereo.launch.py
[39.520s] -- Up-to-date: /home/nvidia/object_slam/install/gr1-localization-orb-slam3/share/gr1-localization-orb-slam3/launch/d435_rgbd.launch.py
[39.520s] -- Up-to-date: /home/nvidia/object_slam/install/gr1-localization-orb-slam3/share/gr1-localization-orb-slam3/launch/sim_slam.launch.py
[39.520s] -- Up-to-date: /home/nvidia/object_slam/install/gr1-localization-orb-slam3/share/gr1-localization-orb-slam3/launch/t265.launch.py
[39.520s] -- Up-to-date: /home/nvidia/object_slam/install/gr1-localization-orb-slam3/share/gr1-localization-orb-slam3/launch/rs_rgbd_yolo.launch.py
[39.520s] -- Up-to-date: /home/nvidia/object_slam/install/gr1-localization-orb-slam3/share/gr1-localization-orb-slam3/launch/rs_d435_rgbd_height.launch.py
[39.520s] -- Up-to-date: /home/nvidia/object_slam/install/gr1-localization-orb-slam3/share/gr1-localization-orb-slam3/launch/d435_pcl.launch.py
[39.520s] -- Up-to-date: /home/nvidia/object_slam/install/gr1-localization-orb-slam3/share/gr1-localization-orb-slam3/launch/d435_imu.launch.py
[39.521s] -- Up-to-date: /home/nvidia/object_slam/install/gr1-localization-orb-slam3/share/gr1-localization-orb-slam3/launch/ros2_rgbd_imu_play_bag.launch.py
[39.521s] -- Up-to-date: /home/nvidia/object_slam/install/gr1-localization-orb-slam3/share/gr1-localization-orb-slam3/launch/d435_stereo.launch.py
[39.521s] -- Up-to-date: /home/nvidia/object_slam/install/gr1-localization-orb-slam3/share/gr1-localization-orb-slam3/launch/play_old_bag.launch.py
[39.521s] -- Up-to-date: /home/nvidia/object_slam/install/gr1-localization-orb-slam3/share/gr1-localization-orb-slam3/launch/rsd455_slam.launch.py
[39.521s] -- Up-to-date: /home/nvidia/object_slam/install/gr1-localization-orb-slam3/share/gr1-localization-orb-slam3/launch/rs_d435_rgbd.launch.py
[39.521s] -- Up-to-date: /home/nvidia/object_slam/install/gr1-localization-orb-slam3/share/ament_index/resource_index/package_run_dependencies/gr1-localization-orb-slam3
[39.521s] -- Up-to-date: /home/nvidia/object_slam/install/gr1-localization-orb-slam3/share/ament_index/resource_index/parent_prefix_path/gr1-localization-orb-slam3
[39.521s] -- Up-to-date: /home/nvidia/object_slam/install/gr1-localization-orb-slam3/share/gr1-localization-orb-slam3/environment/ament_prefix_path.sh
[39.521s] -- Up-to-date: /home/nvidia/object_slam/install/gr1-localization-orb-slam3/share/gr1-localization-orb-slam3/environment/ament_prefix_path.dsv
[39.521s] -- Up-to-date: /home/nvidia/object_slam/install/gr1-localization-orb-slam3/share/gr1-localization-orb-slam3/environment/path.sh
[39.521s] -- Up-to-date: /home/nvidia/object_slam/install/gr1-localization-orb-slam3/share/gr1-localization-orb-slam3/environment/path.dsv
[39.522s] -- Up-to-date: /home/nvidia/object_slam/install/gr1-localization-orb-slam3/share/gr1-localization-orb-slam3/local_setup.bash
[39.522s] -- Up-to-date: /home/nvidia/object_slam/install/gr1-localization-orb-slam3/share/gr1-localization-orb-slam3/local_setup.sh
[39.522s] -- Up-to-date: /home/nvidia/object_slam/install/gr1-localization-orb-slam3/share/gr1-localization-orb-slam3/local_setup.zsh
[39.522s] -- Up-to-date: /home/nvidia/object_slam/install/gr1-localization-orb-slam3/share/gr1-localization-orb-slam3/local_setup.dsv
[39.522s] -- Installing: /home/nvidia/object_slam/install/gr1-localization-orb-slam3/share/gr1-localization-orb-slam3/package.dsv
[39.522s] -- Up-to-date: /home/nvidia/object_slam/install/gr1-localization-orb-slam3/share/ament_index/resource_index/packages/gr1-localization-orb-slam3
[39.522s] -- Up-to-date: /home/nvidia/object_slam/install/gr1-localization-orb-slam3/share/gr1-localization-orb-slam3/cmake/gr1-localization-orb-slam3Config.cmake
[39.523s] -- Up-to-date: /home/nvidia/object_slam/install/gr1-localization-orb-slam3/share/gr1-localization-orb-slam3/cmake/gr1-localization-orb-slam3Config-version.cmake
[39.525s] -- Up-to-date: /home/nvidia/object_slam/install/gr1-localization-orb-slam3/share/gr1-localization-orb-slam3/package.xml
[39.526s] Invoked command in '/home/nvidia/object_slam/build/gr1-localization-orb-slam3' returned '0': CMAKE_PREFIX_PATH=/opt/ros/foxy CONDA_PROMPT_MODIFIER=(base) /usr/bin/cmake --install /home/nvidia/object_slam/build/gr1-localization-orb-slam3
