[0.027s] Invoking command in '/home/nvidia/object_slam/build/gr1-localization-orb-slam3': CMAKE_PREFIX_PATH=/opt/ros/foxy CONDA_PROMPT_MODIFIER=(base) /usr/bin/cmake --build /home/nvidia/object_slam/build/gr1-localization-orb-slam3 -- -j12 -l12
[0.112s] [35m[1mScanning dependencies of target rgbd_yolo[0m
[0.230s] [ 25%] [32mBuilding CXX object CMakeFiles/rgbd_yolo.dir/src/rgbd_yolo.cpp.o[0m
[0.230s] [ 50%] [32mBuilding CXX object CMakeFiles/rgbd_yolo.dir/src/rgbd_yolo_node.cpp.o[0m
[41.216s] [ 75%] [32m[1mLinking CXX executable rgbd_yolo[0m
[42.450s] [100%] Built target rgbd_yolo
[42.472s] Invoked command in '/home/nvidia/object_slam/build/gr1-localization-orb-slam3' returned '0': CMAKE_PREFIX_PATH=/opt/ros/foxy CONDA_PROMPT_MODIFIER=(base) /usr/bin/cmake --build /home/nvidia/object_slam/build/gr1-localization-orb-slam3 -- -j12 -l12
[42.551s] Invoking command in '/home/nvidia/object_slam/build/gr1-localization-orb-slam3': CMAKE_PREFIX_PATH=/opt/ros/foxy CONDA_PROMPT_MODIFIER=(base) /usr/bin/cmake --install /home/nvidia/object_slam/build/gr1-localization-orb-slam3
[42.567s] -- Install configuration: "Release"
[42.567s] -- Installing: /home/nvidia/object_slam/install/gr1-localization-orb-slam3/lib/gr1-localization-orb-slam3/rgbd_yolo
[42.569s] -- Set runtime path of "/home/nvidia/object_slam/install/gr1-localization-orb-slam3/lib/gr1-localization-orb-slam3/rgbd_yolo" to ""
[42.569s] -- Up-to-date: /home/nvidia/object_slam/install/gr1-localization-orb-slam3/lib/gr1-localization-orb-slam3/config
[42.570s] -- Up-to-date: /home/nvidia/object_slam/install/gr1-localization-orb-slam3/lib/gr1-localization-orb-slam3/config/sim_mono.yaml
[42.570s] -- Up-to-date: /home/nvidia/object_slam/install/gr1-localization-orb-slam3/lib/gr1-localization-orb-slam3/config/sim.yaml
[42.570s] -- Up-to-date: /home/nvidia/object_slam/install/gr1-localization-orb-slam3/lib/gr1-localization-orb-slam3/config/RealSense_D435i.yaml
[42.570s] -- Up-to-date: /home/nvidia/object_slam/install/gr1-localization-orb-slam3/lib/gr1-localization-orb-slam3/config/stereo_2173.yaml
[42.570s] -- Up-to-date: /home/nvidia/object_slam/install/gr1-localization-orb-slam3/lib/gr1-localization-orb-slam3/config/RealSense_D455i.yaml
[42.570s] -- Up-to-date: /home/nvidia/object_slam/install/gr1-localization-orb-slam3/share/gr1-localization-orb-slam3/launch
[42.570s] -- Up-to-date: /home/nvidia/object_slam/install/gr1-localization-orb-slam3/share/gr1-localization-orb-slam3/launch/rs_d435_stereo.launch.py
[42.571s] -- Up-to-date: /home/nvidia/object_slam/install/gr1-localization-orb-slam3/share/gr1-localization-orb-slam3/launch/d435_rgbd.launch.py
[42.571s] -- Up-to-date: /home/nvidia/object_slam/install/gr1-localization-orb-slam3/share/gr1-localization-orb-slam3/launch/sim_slam.launch.py
[42.571s] -- Up-to-date: /home/nvidia/object_slam/install/gr1-localization-orb-slam3/share/gr1-localization-orb-slam3/launch/t265.launch.py
[42.571s] -- Installing: /home/nvidia/object_slam/install/gr1-localization-orb-slam3/share/gr1-localization-orb-slam3/launch/rs_rgbd_yolo.launch.py
[42.571s] -- Up-to-date: /home/nvidia/object_slam/install/gr1-localization-orb-slam3/share/gr1-localization-orb-slam3/launch/rs_d435_rgbd_height.launch.py
[42.571s] -- Up-to-date: /home/nvidia/object_slam/install/gr1-localization-orb-slam3/share/gr1-localization-orb-slam3/launch/d435_pcl.launch.py
[42.571s] -- Up-to-date: /home/nvidia/object_slam/install/gr1-localization-orb-slam3/share/gr1-localization-orb-slam3/launch/d435_imu.launch.py
[42.571s] -- Up-to-date: /home/nvidia/object_slam/install/gr1-localization-orb-slam3/share/gr1-localization-orb-slam3/launch/ros2_rgbd_imu_play_bag.launch.py
[42.572s] -- Up-to-date: /home/nvidia/object_slam/install/gr1-localization-orb-slam3/share/gr1-localization-orb-slam3/launch/d435_stereo.launch.py
[42.572s] -- Up-to-date: /home/nvidia/object_slam/install/gr1-localization-orb-slam3/share/gr1-localization-orb-slam3/launch/play_old_bag.launch.py
[42.572s] -- Up-to-date: /home/nvidia/object_slam/install/gr1-localization-orb-slam3/share/gr1-localization-orb-slam3/launch/rsd455_slam.launch.py
[42.572s] -- Up-to-date: /home/nvidia/object_slam/install/gr1-localization-orb-slam3/share/gr1-localization-orb-slam3/launch/rs_d435_rgbd.launch.py
[42.572s] -- Up-to-date: /home/nvidia/object_slam/install/gr1-localization-orb-slam3/share/ament_index/resource_index/package_run_dependencies/gr1-localization-orb-slam3
[42.572s] -- Up-to-date: /home/nvidia/object_slam/install/gr1-localization-orb-slam3/share/ament_index/resource_index/parent_prefix_path/gr1-localization-orb-slam3
[42.572s] -- Up-to-date: /home/nvidia/object_slam/install/gr1-localization-orb-slam3/share/gr1-localization-orb-slam3/environment/ament_prefix_path.sh
[42.572s] -- Up-to-date: /home/nvidia/object_slam/install/gr1-localization-orb-slam3/share/gr1-localization-orb-slam3/environment/ament_prefix_path.dsv
[42.572s] -- Up-to-date: /home/nvidia/object_slam/install/gr1-localization-orb-slam3/share/gr1-localization-orb-slam3/environment/path.sh
[42.572s] -- Up-to-date: /home/nvidia/object_slam/install/gr1-localization-orb-slam3/share/gr1-localization-orb-slam3/environment/path.dsv
[42.573s] -- Up-to-date: /home/nvidia/object_slam/install/gr1-localization-orb-slam3/share/gr1-localization-orb-slam3/local_setup.bash
[42.573s] -- Up-to-date: /home/nvidia/object_slam/install/gr1-localization-orb-slam3/share/gr1-localization-orb-slam3/local_setup.sh
[42.573s] -- Up-to-date: /home/nvidia/object_slam/install/gr1-localization-orb-slam3/share/gr1-localization-orb-slam3/local_setup.zsh
[42.573s] -- Up-to-date: /home/nvidia/object_slam/install/gr1-localization-orb-slam3/share/gr1-localization-orb-slam3/local_setup.dsv
[42.573s] -- Installing: /home/nvidia/object_slam/install/gr1-localization-orb-slam3/share/gr1-localization-orb-slam3/package.dsv
[42.573s] -- Up-to-date: /home/nvidia/object_slam/install/gr1-localization-orb-slam3/share/ament_index/resource_index/packages/gr1-localization-orb-slam3
[42.573s] -- Up-to-date: /home/nvidia/object_slam/install/gr1-localization-orb-slam3/share/gr1-localization-orb-slam3/cmake/gr1-localization-orb-slam3Config.cmake
[42.573s] -- Up-to-date: /home/nvidia/object_slam/install/gr1-localization-orb-slam3/share/gr1-localization-orb-slam3/cmake/gr1-localization-orb-slam3Config-version.cmake
[42.573s] -- Up-to-date: /home/nvidia/object_slam/install/gr1-localization-orb-slam3/share/gr1-localization-orb-slam3/package.xml
[42.576s] Invoked command in '/home/nvidia/object_slam/build/gr1-localization-orb-slam3' returned '0': CMAKE_PREFIX_PATH=/opt/ros/foxy CONDA_PROMPT_MODIFIER=(base) /usr/bin/cmake --install /home/nvidia/object_slam/build/gr1-localization-orb-slam3
