[0.032s] Invoking command in '/home/nvidia/object_slam/build/gr1-localization-orb-slam3': CMAKE_PREFIX_PATH=/opt/ros/foxy CONDA_PROMPT_MODIFIER=(base) /usr/bin/cmake --build /home/nvidia/object_slam/build/gr1-localization-orb-slam3 -- -j12 -l12
[0.202s] [100%] Built target rgbd_yolo
[0.228s] Invoked command in '/home/nvidia/object_slam/build/gr1-localization-orb-slam3' returned '0': CMAKE_PREFIX_PATH=/opt/ros/foxy CONDA_PROMPT_MODIFIER=(base) /usr/bin/cmake --build /home/nvidia/object_slam/build/gr1-localization-orb-slam3 -- -j12 -l12
[0.324s] Invoking command in '/home/nvidia/object_slam/build/gr1-localization-orb-slam3': CMAKE_PREFIX_PATH=/opt/ros/foxy CONDA_PROMPT_MODIFIER=(base) /usr/bin/cmake --install /home/nvidia/object_slam/build/gr1-localization-orb-slam3
[0.343s] -- Install configuration: "Release"
[0.343s] -- Up-to-date: /home/nvidia/object_slam/install/gr1-localization-orb-slam3/lib/gr1-localization-orb-slam3/rgbd_yolo
[0.344s] -- Up-to-date: /home/nvidia/object_slam/install/gr1-localization-orb-slam3/lib/gr1-localization-orb-slam3/config
[0.344s] -- Up-to-date: /home/nvidia/object_slam/install/gr1-localization-orb-slam3/lib/gr1-localization-orb-slam3/config/sim_mono.yaml
[0.345s] -- Up-to-date: /home/nvidia/object_slam/install/gr1-localization-orb-slam3/lib/gr1-localization-orb-slam3/config/sim.yaml
[0.345s] -- Up-to-date: /home/nvidia/object_slam/install/gr1-localization-orb-slam3/lib/gr1-localization-orb-slam3/config/RealSense_D435i.yaml
[0.345s] -- Up-to-date: /home/nvidia/object_slam/install/gr1-localization-orb-slam3/lib/gr1-localization-orb-slam3/config/stereo_2173.yaml
[0.345s] -- Up-to-date: /home/nvidia/object_slam/install/gr1-localization-orb-slam3/lib/gr1-localization-orb-slam3/config/RealSense_D455i.yaml
[0.345s] -- Up-to-date: /home/nvidia/object_slam/install/gr1-localization-orb-slam3/share/gr1-localization-orb-slam3/launch
[0.346s] -- Up-to-date: /home/nvidia/object_slam/install/gr1-localization-orb-slam3/share/gr1-localization-orb-slam3/launch/rs_d435_stereo.launch.py
[0.346s] -- Up-to-date: /home/nvidia/object_slam/install/gr1-localization-orb-slam3/share/gr1-localization-orb-slam3/launch/d435_rgbd.launch.py
[0.346s] -- Up-to-date: /home/nvidia/object_slam/install/gr1-localization-orb-slam3/share/gr1-localization-orb-slam3/launch/sim_slam.launch.py
[0.346s] -- Up-to-date: /home/nvidia/object_slam/install/gr1-localization-orb-slam3/share/gr1-localization-orb-slam3/launch/t265.launch.py
[0.347s] -- Installing: /home/nvidia/object_slam/install/gr1-localization-orb-slam3/share/gr1-localization-orb-slam3/launch/rs_rgbd_yolo.launch.py
[0.347s] -- Up-to-date: /home/nvidia/object_slam/install/gr1-localization-orb-slam3/share/gr1-localization-orb-slam3/launch/rs_d435_rgbd_height.launch.py
[0.347s] -- Up-to-date: /home/nvidia/object_slam/install/gr1-localization-orb-slam3/share/gr1-localization-orb-slam3/launch/d435_pcl.launch.py
[0.347s] -- Up-to-date: /home/nvidia/object_slam/install/gr1-localization-orb-slam3/share/gr1-localization-orb-slam3/launch/d435_imu.launch.py
[0.347s] -- Up-to-date: /home/nvidia/object_slam/install/gr1-localization-orb-slam3/share/gr1-localization-orb-slam3/launch/ros2_rgbd_imu_play_bag.launch.py
[0.347s] -- Up-to-date: /home/nvidia/object_slam/install/gr1-localization-orb-slam3/share/gr1-localization-orb-slam3/launch/d435_stereo.launch.py
[0.348s] -- Up-to-date: /home/nvidia/object_slam/install/gr1-localization-orb-slam3/share/gr1-localization-orb-slam3/launch/play_old_bag.launch.py
[0.348s] -- Up-to-date: /home/nvidia/object_slam/install/gr1-localization-orb-slam3/share/gr1-localization-orb-slam3/launch/rsd455_slam.launch.py
[0.348s] -- Up-to-date: /home/nvidia/object_slam/install/gr1-localization-orb-slam3/share/gr1-localization-orb-slam3/launch/rs_d435_rgbd.launch.py
[0.348s] -- Up-to-date: /home/nvidia/object_slam/install/gr1-localization-orb-slam3/share/ament_index/resource_index/package_run_dependencies/gr1-localization-orb-slam3
[0.348s] -- Up-to-date: /home/nvidia/object_slam/install/gr1-localization-orb-slam3/share/ament_index/resource_index/parent_prefix_path/gr1-localization-orb-slam3
[0.348s] -- Up-to-date: /home/nvidia/object_slam/install/gr1-localization-orb-slam3/share/gr1-localization-orb-slam3/environment/ament_prefix_path.sh
[0.348s] -- Up-to-date: /home/nvidia/object_slam/install/gr1-localization-orb-slam3/share/gr1-localization-orb-slam3/environment/ament_prefix_path.dsv
[0.349s] -- Up-to-date: /home/nvidia/object_slam/install/gr1-localization-orb-slam3/share/gr1-localization-orb-slam3/environment/path.sh
[0.349s] -- Up-to-date: /home/nvidia/object_slam/install/gr1-localization-orb-slam3/share/gr1-localization-orb-slam3/environment/path.dsv
[0.349s] -- Up-to-date: /home/nvidia/object_slam/install/gr1-localization-orb-slam3/share/gr1-localization-orb-slam3/local_setup.bash
[0.349s] -- Up-to-date: /home/nvidia/object_slam/install/gr1-localization-orb-slam3/share/gr1-localization-orb-slam3/local_setup.sh
[0.349s] -- Up-to-date: /home/nvidia/object_slam/install/gr1-localization-orb-slam3/share/gr1-localization-orb-slam3/local_setup.zsh
[0.349s] -- Up-to-date: /home/nvidia/object_slam/install/gr1-localization-orb-slam3/share/gr1-localization-orb-slam3/local_setup.dsv
[0.349s] -- Installing: /home/nvidia/object_slam/install/gr1-localization-orb-slam3/share/gr1-localization-orb-slam3/package.dsv
[0.349s] -- Up-to-date: /home/nvidia/object_slam/install/gr1-localization-orb-slam3/share/ament_index/resource_index/packages/gr1-localization-orb-slam3
[0.350s] -- Up-to-date: /home/nvidia/object_slam/install/gr1-localization-orb-slam3/share/gr1-localization-orb-slam3/cmake/gr1-localization-orb-slam3Config.cmake
[0.350s] -- Up-to-date: /home/nvidia/object_slam/install/gr1-localization-orb-slam3/share/gr1-localization-orb-slam3/cmake/gr1-localization-orb-slam3Config-version.cmake
[0.351s] -- Up-to-date: /home/nvidia/object_slam/install/gr1-localization-orb-slam3/share/gr1-localization-orb-slam3/package.xml
[0.353s] Invoked command in '/home/nvidia/object_slam/build/gr1-localization-orb-slam3' returned '0': CMAKE_PREFIX_PATH=/opt/ros/foxy CONDA_PROMPT_MODIFIER=(base) /usr/bin/cmake --install /home/nvidia/object_slam/build/gr1-localization-orb-slam3
