[0.021s] Invoking command in '/home/nvidia/object_slam/build/gr1-localization-orb-slam3': CMAKE_PREFIX_PATH=/opt/ros/foxy CONDA_PROMPT_MODIFIER=(base) /usr/bin/cmake --build /home/nvidia/object_slam/build/gr1-localization-orb-slam3 -- -j12 -l12
[0.096s] [35m[1mScanning dependencies of target rgbd_yolo[0m
[0.198s] [ 25%] [32mBuilding CXX object CMakeFiles/rgbd_yolo.dir/src/rgbd_yolo_node.cpp.o[0m
[42.307s] [ 50%] [32m[1mLinking CXX executable rgbd_yolo[0m
[43.500s] [100%] Built target rgbd_yolo
[43.521s] Invoked command in '/home/nvidia/object_slam/build/gr1-localization-orb-slam3' returned '0': CMAKE_PREFIX_PATH=/opt/ros/foxy CONDA_PROMPT_MODIFIER=(base) /usr/bin/cmake --build /home/nvidia/object_slam/build/gr1-localization-orb-slam3 -- -j12 -l12
[43.592s] Invoking command in '/home/nvidia/object_slam/build/gr1-localization-orb-slam3': CMAKE_PREFIX_PATH=/opt/ros/foxy CONDA_PROMPT_MODIFIER=(base) /usr/bin/cmake --install /home/nvidia/object_slam/build/gr1-localization-orb-slam3
[43.611s] -- Install configuration: "Release"
[43.611s] -- Installing: /home/nvidia/object_slam/install/gr1-localization-orb-slam3/lib/gr1-localization-orb-slam3/rgbd_yolo
[43.614s] -- Set runtime path of "/home/nvidia/object_slam/install/gr1-localization-orb-slam3/lib/gr1-localization-orb-slam3/rgbd_yolo" to ""
[43.614s] -- Up-to-date: /home/nvidia/object_slam/install/gr1-localization-orb-slam3/lib/gr1-localization-orb-slam3/config
[43.614s] -- Up-to-date: /home/nvidia/object_slam/install/gr1-localization-orb-slam3/lib/gr1-localization-orb-slam3/config/sim_mono.yaml
[43.615s] -- Up-to-date: /home/nvidia/object_slam/install/gr1-localization-orb-slam3/lib/gr1-localization-orb-slam3/config/sim.yaml
[43.615s] -- Up-to-date: /home/nvidia/object_slam/install/gr1-localization-orb-slam3/lib/gr1-localization-orb-slam3/config/RealSense_D435i.yaml
[43.615s] -- Up-to-date: /home/nvidia/object_slam/install/gr1-localization-orb-slam3/lib/gr1-localization-orb-slam3/config/stereo_2173.yaml
[43.615s] -- Up-to-date: /home/nvidia/object_slam/install/gr1-localization-orb-slam3/lib/gr1-localization-orb-slam3/config/RealSense_D455i.yaml
[43.615s] -- Up-to-date: /home/nvidia/object_slam/install/gr1-localization-orb-slam3/share/gr1-localization-orb-slam3/launch
[43.615s] -- Up-to-date: /home/nvidia/object_slam/install/gr1-localization-orb-slam3/share/gr1-localization-orb-slam3/launch/rs_d435_stereo.launch.py
[43.615s] -- Up-to-date: /home/nvidia/object_slam/install/gr1-localization-orb-slam3/share/gr1-localization-orb-slam3/launch/d435_rgbd.launch.py
[43.616s] -- Up-to-date: /home/nvidia/object_slam/install/gr1-localization-orb-slam3/share/gr1-localization-orb-slam3/launch/sim_slam.launch.py
[43.616s] -- Up-to-date: /home/nvidia/object_slam/install/gr1-localization-orb-slam3/share/gr1-localization-orb-slam3/launch/t265.launch.py
[43.616s] -- Up-to-date: /home/nvidia/object_slam/install/gr1-localization-orb-slam3/share/gr1-localization-orb-slam3/launch/rs_rgbd_yolo.launch.py
[43.616s] -- Up-to-date: /home/nvidia/object_slam/install/gr1-localization-orb-slam3/share/gr1-localization-orb-slam3/launch/rs_d435_rgbd_height.launch.py
[43.616s] -- Up-to-date: /home/nvidia/object_slam/install/gr1-localization-orb-slam3/share/gr1-localization-orb-slam3/launch/d435_pcl.launch.py
[43.616s] -- Up-to-date: /home/nvidia/object_slam/install/gr1-localization-orb-slam3/share/gr1-localization-orb-slam3/launch/d435_imu.launch.py
[43.616s] -- Up-to-date: /home/nvidia/object_slam/install/gr1-localization-orb-slam3/share/gr1-localization-orb-slam3/launch/ros2_rgbd_imu_play_bag.launch.py
[43.616s] -- Up-to-date: /home/nvidia/object_slam/install/gr1-localization-orb-slam3/share/gr1-localization-orb-slam3/launch/d435_stereo.launch.py
[43.616s] -- Up-to-date: /home/nvidia/object_slam/install/gr1-localization-orb-slam3/share/gr1-localization-orb-slam3/launch/play_old_bag.launch.py
[43.617s] -- Up-to-date: /home/nvidia/object_slam/install/gr1-localization-orb-slam3/share/gr1-localization-orb-slam3/launch/rsd455_slam.launch.py
[43.617s] -- Up-to-date: /home/nvidia/object_slam/install/gr1-localization-orb-slam3/share/gr1-localization-orb-slam3/launch/rs_d435_rgbd.launch.py
[43.617s] -- Up-to-date: /home/nvidia/object_slam/install/gr1-localization-orb-slam3/share/ament_index/resource_index/package_run_dependencies/gr1-localization-orb-slam3
[43.617s] -- Up-to-date: /home/nvidia/object_slam/install/gr1-localization-orb-slam3/share/ament_index/resource_index/parent_prefix_path/gr1-localization-orb-slam3
[43.617s] -- Up-to-date: /home/nvidia/object_slam/install/gr1-localization-orb-slam3/share/gr1-localization-orb-slam3/environment/ament_prefix_path.sh
[43.617s] -- Up-to-date: /home/nvidia/object_slam/install/gr1-localization-orb-slam3/share/gr1-localization-orb-slam3/environment/ament_prefix_path.dsv
[43.617s] -- Up-to-date: /home/nvidia/object_slam/install/gr1-localization-orb-slam3/share/gr1-localization-orb-slam3/environment/path.sh
[43.617s] -- Up-to-date: /home/nvidia/object_slam/install/gr1-localization-orb-slam3/share/gr1-localization-orb-slam3/environment/path.dsv
[43.617s] -- Up-to-date: /home/nvidia/object_slam/install/gr1-localization-orb-slam3/share/gr1-localization-orb-slam3/local_setup.bash
[43.617s] -- Up-to-date: /home/nvidia/object_slam/install/gr1-localization-orb-slam3/share/gr1-localization-orb-slam3/local_setup.sh
[43.617s] -- Up-to-date: /home/nvidia/object_slam/install/gr1-localization-orb-slam3/share/gr1-localization-orb-slam3/local_setup.zsh
[43.618s] -- Up-to-date: /home/nvidia/object_slam/install/gr1-localization-orb-slam3/share/gr1-localization-orb-slam3/local_setup.dsv
[43.618s] -- Installing: /home/nvidia/object_slam/install/gr1-localization-orb-slam3/share/gr1-localization-orb-slam3/package.dsv
[43.618s] -- Up-to-date: /home/nvidia/object_slam/install/gr1-localization-orb-slam3/share/ament_index/resource_index/packages/gr1-localization-orb-slam3
[43.618s] -- Up-to-date: /home/nvidia/object_slam/install/gr1-localization-orb-slam3/share/gr1-localization-orb-slam3/cmake/gr1-localization-orb-slam3Config.cmake
[43.618s] -- Up-to-date: /home/nvidia/object_slam/install/gr1-localization-orb-slam3/share/gr1-localization-orb-slam3/cmake/gr1-localization-orb-slam3Config-version.cmake
[43.618s] -- Up-to-date: /home/nvidia/object_slam/install/gr1-localization-orb-slam3/share/gr1-localization-orb-slam3/package.xml
[43.621s] Invoked command in '/home/nvidia/object_slam/build/gr1-localization-orb-slam3' returned '0': CMAKE_PREFIX_PATH=/opt/ros/foxy CONDA_PROMPT_MODIFIER=(base) /usr/bin/cmake --install /home/nvidia/object_slam/build/gr1-localization-orb-slam3
