[0.039s] Invoking command in '/home/nvidia/object_slam/build/gr1-localization-orb-slam3': CMAKE_PREFIX_PATH=/opt/ros/foxy CONDA_PROMPT_MODIFIER=(base) /usr/bin/cmake /home/nvidia/object_slam/GR1-Localization-Orb-Slam3 -DCMAKE_INSTALL_PREFIX=/home/nvidia/object_slam/install/gr1-localization-orb-slam3
[0.145s] -- The C compiler identification is GNU 9.4.0
[0.248s] -- The CXX compiler identification is GNU 9.4.0
[0.256s] -- Check for working C compiler: /usr/bin/cc
[0.400s] -- Check for working C compiler: /usr/bin/cc -- works
[0.402s] -- Detecting C compiler ABI info
[0.546s] -- Detecting C compiler ABI info - done
[0.579s] -- Detecting C compile features
[0.580s] -- Detecting C compile features - done
[0.584s] -- Check for working CXX compiler: /usr/bin/c++
[0.742s] -- Check for working CXX compiler: /usr/bin/c++ -- works
[0.744s] -- Detecting CXX compiler ABI info
[0.902s] -- Detecting CXX compiler ABI info - done
[0.937s] -- Detecting CXX compile features
[0.938s] -- Detecting CXX compile features - done
[0.950s] -- Found ament_cmake: 0.9.12 (/opt/ros/foxy/share/ament_cmake/cmake)
[1.010s] -- Found PythonInterp: /home/nvidia/LMDeploy/miniconda3/miniconda3/bin/python3 (found suitable version "3.12.4", minimum required is "3") 
[1.010s] -- Using PYTHON_EXECUTABLE: /home/nvidia/LMDeploy/miniconda3/miniconda3/bin/python3
[1.547s] -- Found rclcpp: 2.4.3 (/opt/ros/foxy/share/rclcpp/cmake)
[1.660s] -- Using all available rosidl_typesupport_c: rosidl_typesupport_fastrtps_c;rosidl_typesupport_introspection_c
[1.676s] -- Found rosidl_adapter: 1.3.1 (/opt/ros/foxy/share/rosidl_adapter/cmake)
[1.914s] -- Found OpenSSL: /usr/lib/aarch64-linux-gnu/libcrypto.so (found version "1.1.1f")  
[1.984s] -- Found FastRTPS: /opt/ros/foxy/include  
[2.172s] -- Using all available rosidl_typesupport_cpp: rosidl_typesupport_fastrtps_cpp;rosidl_typesupport_introspection_cpp
[2.307s] -- Found rmw_implementation_cmake: 1.0.4 (/opt/ros/foxy/share/rmw_implementation_cmake/cmake)
[2.312s] -- Using RMW implementation 'rmw_fastrtps_cpp' as default
[2.317s] -- Looking for pthread.h
[2.464s] -- Looking for pthread.h - found
[2.464s] -- Performing Test CMAKE_HAVE_LIBC_PTHREAD
[2.625s] -- Performing Test CMAKE_HAVE_LIBC_PTHREAD - Failed
[2.625s] -- Looking for pthread_create in pthreads
[2.766s] -- Looking for pthread_create in pthreads - not found
[2.766s] -- Looking for pthread_create in pthread
[2.921s] -- Looking for pthread_create in pthread - found
[2.922s] -- Found Threads: TRUE  
[3.303s] -- Found sensor_msgs: 2.0.5 (/opt/ros/foxy/share/sensor_msgs/cmake)
[3.540s] -- Found cv_bridge: 3.0.7 (/opt/ros/foxy/share/cv_bridge/cmake)
[3.608s] -- Found OpenCV: /usr/local (found suitable version "4.2.0", minimum required is "4") 
[3.612s] -- Found nav_msgs: 2.0.5 (/opt/ros/foxy/share/nav_msgs/cmake)
[3.756s] -- Found message_filters: 3.2.7 (/opt/ros/foxy/share/message_filters/cmake)
[3.782s] -- Found tf2_eigen: 0.13.14 (/opt/ros/foxy/share/tf2_eigen/cmake)
[11.094s] -- Checking for module 'eigen3'
[11.139s] --   Found eigen3, version 3.3.7
[11.235s] -- Found Eigen: /usr/include/eigen3 (Required is at least version "3.1") 
[11.236s] -- Eigen found (include: /usr/include/eigen3, version: 3.3.7)
[11.337s] -- Found Boost: /usr/include (found suitable version "1.71.0", minimum required is "1.55.0") found components: system filesystem date_time iostreams regex 
[11.377s] -- Checking for module 'flann'
[11.424s] --   Found flann, version 1.9.1
[11.543s] -- Found FLANN: /usr/lib/aarch64-linux-gnu/libflann_cpp.so  
[11.675s] -- The imported target "vtkParseOGLExt" references the file
[11.675s]    "/usr/bin/vtkParseOGLExt-7.1"
[11.676s] but this file does not exist.  Possible reasons include:
[11.676s] * The file was deleted, renamed, or moved to another location.
[11.676s] * An install or uninstall procedure did not complete successfully.
[11.676s] * The installation package was faulty and contained
[11.677s]    "/usr/lib/cmake/vtk-7.1/VTKTargets.cmake"
[11.677s] but not all the files it references.
[11.677s] 
[11.678s] -- The imported target "vtkRenderingPythonTkWidgets" references the file
[11.678s]    "/usr/lib/aarch64-linux-gnu/libvtkRenderingPythonTkWidgets.so"
[11.678s] but this file does not exist.  Possible reasons include:
[11.678s] * The file was deleted, renamed, or moved to another location.
[11.678s] * An install or uninstall procedure did not complete successfully.
[11.679s] * The installation package was faulty and contained
[11.679s]    "/usr/lib/cmake/vtk-7.1/VTKTargets.cmake"
[11.679s] but not all the files it references.
[11.680s] 
[11.680s] -- The imported target "vtk" references the file
[11.680s]    "/usr/bin/vtk"
[11.680s] but this file does not exist.  Possible reasons include:
[11.681s] * The file was deleted, renamed, or moved to another location.
[11.681s] * An install or uninstall procedure did not complete successfully.
[11.681s] * The installation package was faulty and contained
[11.681s]    "/usr/lib/cmake/vtk-7.1/VTKTargets.cmake"
[11.681s] but not all the files it references.
[11.681s] 
[11.681s] -- The imported target "pvtk" references the file
[11.681s]    "/usr/bin/pvtk"
[11.681s] but this file does not exist.  Possible reasons include:
[11.682s] * The file was deleted, renamed, or moved to another location.
[11.682s] * An install or uninstall procedure did not complete successfully.
[11.682s] * The installation package was faulty and contained
[11.682s]    "/usr/lib/cmake/vtk-7.1/VTKTargets.cmake"
[11.682s] but not all the files it references.
[11.682s] 
[11.747s] -- Checking for module 'libusb-1.0'
[11.793s] --   Found libusb-1.0, version 1.0.23
[11.911s] -- Found USB_10: /usr/lib/aarch64-linux-gnu/libusb-1.0.so  
[12.082s] -- Found OpenNI: /usr/lib/libOpenNI.so  
[12.083s] -- OpenNI found (include: /usr/include/ni, lib: /usr/lib/libOpenNI.so)
[12.270s] -- Found OpenNI2: /usr/lib/libOpenNI2.so  
[12.271s] -- OpenNI2 found (include: /usr/include/openni2, lib: /usr/lib/libOpenNI2.so)
[12.271s] ** WARNING ** io features related to pcap will be disabled
[12.271s] ** WARNING ** io features related to png will be disabled
[12.299s] -- Found libusb-1.0: /usr/include  
[12.299s] ** WARNING ** io features related to libusb-1.0 will be disabled
[12.313s] -- OpenNI found (include: /usr/include/ni, lib: /usr/lib/libOpenNI.so)
[12.327s] -- OpenNI2 found (include: /usr/include/openni2, lib: /usr/lib/libOpenNI2.so)
[12.384s] -- Found Qhull: optimized;/usr/lib/aarch64-linux-gnu/libqhull.so;debug;/usr/lib/aarch64-linux-gnu/libqhull.so  
[12.384s] -- QHULL found (include: /usr/include, lib: optimized;/usr/lib/aarch64-linux-gnu/libqhull.so;debug;/usr/lib/aarch64-linux-gnu/libqhull.so)
[12.398s] -- OpenNI found (include: /usr/include/ni, lib: /usr/lib/libOpenNI.so)
[12.421s] -- looking for PCL_COMMON
[12.423s] -- Found PCL_COMMON: /usr/lib/aarch64-linux-gnu/libpcl_common.so  
[12.424s] -- looking for PCL_KDTREE
[12.426s] -- Found PCL_KDTREE: /usr/lib/aarch64-linux-gnu/libpcl_kdtree.so  
[12.426s] -- looking for PCL_OCTREE
[12.428s] -- Found PCL_OCTREE: /usr/lib/aarch64-linux-gnu/libpcl_octree.so  
[12.428s] -- looking for PCL_SEARCH
[12.430s] -- Found PCL_SEARCH: /usr/lib/aarch64-linux-gnu/libpcl_search.so  
[12.430s] -- looking for PCL_SAMPLE_CONSENSUS
[12.432s] -- Found PCL_SAMPLE_CONSENSUS: /usr/lib/aarch64-linux-gnu/libpcl_sample_consensus.so  
[12.433s] -- looking for PCL_FILTERS
[12.434s] -- Found PCL_FILTERS: /usr/lib/aarch64-linux-gnu/libpcl_filters.so  
[12.435s] -- looking for PCL_2D
[12.435s] -- Found PCL_2D: /usr/include/pcl-1.10  
[12.444s] -- looking for PCL_GEOMETRY
[12.444s] -- Found PCL_GEOMETRY: /usr/include/pcl-1.10  
[12.445s] -- looking for PCL_IO
[12.447s] -- Found PCL_IO: /usr/lib/aarch64-linux-gnu/libpcl_io.so  
[12.447s] -- looking for PCL_FEATURES
[12.449s] -- Found PCL_FEATURES: /usr/lib/aarch64-linux-gnu/libpcl_features.so  
[12.450s] -- looking for PCL_ML
[12.452s] -- Found PCL_ML: /usr/lib/aarch64-linux-gnu/libpcl_ml.so  
[12.452s] -- looking for PCL_SEGMENTATION
[12.454s] -- Found PCL_SEGMENTATION: /usr/lib/aarch64-linux-gnu/libpcl_segmentation.so  
[12.455s] -- looking for PCL_VISUALIZATION
[12.456s] -- Found PCL_VISUALIZATION: /usr/lib/aarch64-linux-gnu/libpcl_visualization.so  
[12.457s] -- looking for PCL_SURFACE
[12.459s] -- Found PCL_SURFACE: /usr/lib/aarch64-linux-gnu/libpcl_surface.so  
[12.460s] -- looking for PCL_REGISTRATION
[12.461s] -- Found PCL_REGISTRATION: /usr/lib/aarch64-linux-gnu/libpcl_registration.so  
[12.462s] -- looking for PCL_KEYPOINTS
[12.464s] -- Found PCL_KEYPOINTS: /usr/lib/aarch64-linux-gnu/libpcl_keypoints.so  
[12.464s] -- looking for PCL_TRACKING
[12.466s] -- Found PCL_TRACKING: /usr/lib/aarch64-linux-gnu/libpcl_tracking.so  
[12.467s] -- looking for PCL_RECOGNITION
[12.469s] -- Found PCL_RECOGNITION: /usr/lib/aarch64-linux-gnu/libpcl_recognition.so  
[12.469s] -- looking for PCL_STEREO
[12.471s] -- Found PCL_STEREO: /usr/lib/aarch64-linux-gnu/libpcl_stereo.so  
[12.472s] -- looking for PCL_APPS
[12.474s] -- Found PCL_APPS: /usr/lib/aarch64-linux-gnu/libpcl_apps.so  
[12.475s] -- looking for PCL_IN_HAND_SCANNER
[12.476s] -- Found PCL_IN_HAND_SCANNER: /usr/include/pcl-1.10  
[12.476s] -- looking for PCL_POINT_CLOUD_EDITOR
[12.486s] -- Found PCL_POINT_CLOUD_EDITOR: /usr/include/pcl-1.10  
[12.486s] -- looking for PCL_OUTOFCORE
[12.488s] -- Found PCL_OUTOFCORE: /usr/lib/aarch64-linux-gnu/libpcl_outofcore.so  
[12.489s] -- looking for PCL_PEOPLE
[12.490s] -- Found PCL_PEOPLE: /usr/lib/aarch64-linux-gnu/libpcl_people.so  
[12.493s] -- Found PCL: pcl_common;pcl_kdtree;pcl_octree;pcl_search;pcl_sample_consensus;pcl_filters;pcl_io;pcl_features;pcl_ml;pcl_segmentation;pcl_visualization;pcl_surface;pcl_registration;pcl_keypoints;pcl_tracking;pcl_recognition;pcl_stereo;pcl_apps;pcl_outofcore;pcl_people;/usr/lib/aarch64-linux-gnu/libboost_system.so;/usr/lib/aarch64-linux-gnu/libboost_filesystem.so;/usr/lib/aarch64-linux-gnu/libboost_date_time.so;/usr/lib/aarch64-linux-gnu/libboost_iostreams.so;/usr/lib/aarch64-linux-gnu/libboost_regex.so;optimized;/usr/lib/aarch64-linux-gnu/libqhull.so;debug;/usr/lib/aarch64-linux-gnu/libqhull.so;/usr/lib/libOpenNI.so;/usr/lib/libOpenNI2.so;vtkChartsCore;vtkCommonColor;vtkCommonCore;vtksys;vtkCommonDataModel;vtkCommonMath;vtkCommonMisc;vtkCommonSystem;vtkCommonTransforms;vtkCommonExecutionModel;vtkFiltersGeneral;vtkCommonComputationalGeometry;vtkFiltersCore;vtkInfovisCore;vtkFiltersExtraction;vtkFiltersStatistics;vtkImagingFourier;vtkImagingCore;vtkalglib;vtkRenderingContext2D;vtkRenderingCore;vtkFiltersGeometry;vtkFiltersSources;vtkRenderingFreeType;/usr/lib/aarch64-linux-gnu/libfreetype.so;/usr/lib/aarch64-linux-gnu/libz.so;vtkFiltersModeling;vtkImagingSources;vtkInteractionStyle;vtkInteractionWidgets;vtkFiltersHybrid;vtkImagingColor;vtkImagingGeneral;vtkImagingHybrid;vtkIOImage;vtkDICOMParser;vtkmetaio;/usr/lib/aarch64-linux-gnu/libjpeg.so;/usr/lib/aarch64-linux-gnu/libpng.so;/usr/lib/aarch64-linux-gnu/libtiff.so;vtkRenderingAnnotation;vtkRenderingVolume;vtkIOXML;vtkIOCore;vtkIOXMLParser;/usr/lib/aarch64-linux-gnu/libexpat.so;vtkIOGeometry;vtkIOLegacy;vtkIOPLY;vtkRenderingLOD;vtkViewsContext2D;vtkViewsCore;vtkRenderingContextOpenGL2;vtkRenderingOpenGL2;FLANN::FLANN  
[12.510s] -- Found ORB_SLAM3: /home/nvidia/object_slam/ORB_SLAM3/lib/libORB_SLAM3.so  
[12.512s] -- Found yolov8_ros: 0.0.0 (/home/nvidia/yolov8_ros/install/yolov8_ros/share/yolov8_ros/cmake)
[12.794s] -- Found ament_lint_auto: 0.9.8 (/opt/ros/foxy/share/ament_lint_auto/cmake)
[13.081s] -- Added test 'cppcheck' to perform static code analysis on C / C++ code
[13.084s] -- Configured cppcheck include dirs: /home/nvidia/object_slam/GR1-Localization-Orb-Slam3/include;/home/nvidia/object_slam/GR1-Localization-Orb-Slam3/include/GR1-Localization-Orb-Slam3;$<BUILD_INTERFACE:/home/nvidia/object_slam/GR1-Localization-Orb-Slam3/include>
[13.084s] -- Configured cppcheck exclude dirs and/or files: 
[13.086s] -- Added test 'flake8' to check Python code syntax and style conventions
[13.088s] -- Added test 'lint_cmake' to check CMake code style
[13.090s] -- Added test 'pep257' to check Python code against some of the style conventions in PEP 257
[13.094s] -- Added test 'uncrustify' to check C / C++ code style
[13.095s] -- Configured uncrustify additional arguments: 
[13.096s] -- Added test 'xmllint' to check XML markup files
[13.106s] -- Configuring done
[13.170s] CMake Warning at CMakeLists.txt:53 (add_executable):
[13.170s]   Cannot generate a safe runtime search path for target rgbd_yolo because
[13.170s]   files in some directories may conflict with libraries in implicit
[13.170s]   directories:
[13.170s] 
[13.170s]     runtime library [libzstd.so.1] in /usr/lib/aarch64-linux-gnu may be hidden by files in:
[13.170s]       /opt/ros/foxy/lib
[13.171s] 
[13.171s]   Some of these libraries may not be found correctly.
[13.171s] 
[13.171s] 
[13.192s] -- Generating done
[13.197s] -- Build files have been written to: /home/nvidia/object_slam/build/gr1-localization-orb-slam3
[13.234s] Invoked command in '/home/nvidia/object_slam/build/gr1-localization-orb-slam3' returned '0': CMAKE_PREFIX_PATH=/opt/ros/foxy CONDA_PROMPT_MODIFIER=(base) /usr/bin/cmake /home/nvidia/object_slam/GR1-Localization-Orb-Slam3 -DCMAKE_INSTALL_PREFIX=/home/nvidia/object_slam/install/gr1-localization-orb-slam3
[13.244s] Invoking command in '/home/nvidia/object_slam/build/gr1-localization-orb-slam3': CMAKE_PREFIX_PATH=/opt/ros/foxy CONDA_PROMPT_MODIFIER=(base) /usr/bin/cmake --build /home/nvidia/object_slam/build/gr1-localization-orb-slam3 -- -j12 -l12
[13.339s] [35m[1mScanning dependencies of target rgbd_yolo[0m
[13.757s] [ 75%] [32mBuilding CXX object CMakeFiles/rgbd_yolo.dir/src/rgbd_yolo_node.cpp.o[0m
[13.757s] [ 75%] [32mBuilding CXX object CMakeFiles/rgbd_yolo.dir/src/kalman_filter.cpp.o[0m
[13.757s] [ 75%] [32mBuilding CXX object CMakeFiles/rgbd_yolo.dir/src/rgbd_yolo.cpp.o[0m
[68.960s] [100%] [32m[1mLinking CXX executable rgbd_yolo[0m
[70.379s] [100%] Built target rgbd_yolo
[70.406s] Invoked command in '/home/nvidia/object_slam/build/gr1-localization-orb-slam3' returned '0': CMAKE_PREFIX_PATH=/opt/ros/foxy CONDA_PROMPT_MODIFIER=(base) /usr/bin/cmake --build /home/nvidia/object_slam/build/gr1-localization-orb-slam3 -- -j12 -l12
[70.504s] Invoking command in '/home/nvidia/object_slam/build/gr1-localization-orb-slam3': CMAKE_PREFIX_PATH=/opt/ros/foxy CONDA_PROMPT_MODIFIER=(base) /usr/bin/cmake --install /home/nvidia/object_slam/build/gr1-localization-orb-slam3
[70.522s] -- Install configuration: "Release"
[70.523s] -- Installing: /home/nvidia/object_slam/install/gr1-localization-orb-slam3/lib/gr1-localization-orb-slam3/rgbd_yolo
[70.525s] -- Set runtime path of "/home/nvidia/object_slam/install/gr1-localization-orb-slam3/lib/gr1-localization-orb-slam3/rgbd_yolo" to ""
[70.525s] -- Installing: /home/nvidia/object_slam/install/gr1-localization-orb-slam3/lib/gr1-localization-orb-slam3/config
[70.525s] -- Installing: /home/nvidia/object_slam/install/gr1-localization-orb-slam3/lib/gr1-localization-orb-slam3/config/sim_mono.yaml
[70.526s] -- Installing: /home/nvidia/object_slam/install/gr1-localization-orb-slam3/lib/gr1-localization-orb-slam3/config/sim.yaml
[70.526s] -- Installing: /home/nvidia/object_slam/install/gr1-localization-orb-slam3/lib/gr1-localization-orb-slam3/config/RealSense_D435i.yaml
[70.526s] -- Installing: /home/nvidia/object_slam/install/gr1-localization-orb-slam3/lib/gr1-localization-orb-slam3/config/stereo_2173.yaml
[70.527s] -- Installing: /home/nvidia/object_slam/install/gr1-localization-orb-slam3/lib/gr1-localization-orb-slam3/config/RealSense_D455i.yaml
[70.527s] -- Installing: /home/nvidia/object_slam/install/gr1-localization-orb-slam3/share/gr1-localization-orb-slam3/launch
[70.527s] -- Installing: /home/nvidia/object_slam/install/gr1-localization-orb-slam3/share/gr1-localization-orb-slam3/launch/rs_d435_stereo.launch.py
[70.528s] -- Installing: /home/nvidia/object_slam/install/gr1-localization-orb-slam3/share/gr1-localization-orb-slam3/launch/d435_rgbd.launch.py
[70.528s] -- Installing: /home/nvidia/object_slam/install/gr1-localization-orb-slam3/share/gr1-localization-orb-slam3/launch/sim_slam.launch.py
[70.528s] -- Installing: /home/nvidia/object_slam/install/gr1-localization-orb-slam3/share/gr1-localization-orb-slam3/launch/t265.launch.py
[70.529s] -- Installing: /home/nvidia/object_slam/install/gr1-localization-orb-slam3/share/gr1-localization-orb-slam3/launch/rs_rgbd_yolo.launch.py
[70.529s] -- Installing: /home/nvidia/object_slam/install/gr1-localization-orb-slam3/share/gr1-localization-orb-slam3/launch/rs_d435_rgbd_height.launch.py
[70.529s] -- Installing: /home/nvidia/object_slam/install/gr1-localization-orb-slam3/share/gr1-localization-orb-slam3/launch/d435_pcl.launch.py
[70.530s] -- Installing: /home/nvidia/object_slam/install/gr1-localization-orb-slam3/share/gr1-localization-orb-slam3/launch/d435_imu.launch.py
[70.530s] -- Installing: /home/nvidia/object_slam/install/gr1-localization-orb-slam3/share/gr1-localization-orb-slam3/launch/ros2_rgbd_imu_play_bag.launch.py
[70.530s] -- Installing: /home/nvidia/object_slam/install/gr1-localization-orb-slam3/share/gr1-localization-orb-slam3/launch/d435_stereo.launch.py
[70.531s] -- Installing: /home/nvidia/object_slam/install/gr1-localization-orb-slam3/share/gr1-localization-orb-slam3/launch/play_old_bag.launch.py
[70.531s] -- Installing: /home/nvidia/object_slam/install/gr1-localization-orb-slam3/share/gr1-localization-orb-slam3/launch/rsd455_slam.launch.py
[70.531s] -- Installing: /home/nvidia/object_slam/install/gr1-localization-orb-slam3/share/gr1-localization-orb-slam3/launch/rs_d435_rgbd.launch.py
[70.532s] -- Installing: /home/nvidia/object_slam/install/gr1-localization-orb-slam3/share/ament_index/resource_index/package_run_dependencies/gr1-localization-orb-slam3
[70.533s] -- Installing: /home/nvidia/object_slam/install/gr1-localization-orb-slam3/share/ament_index/resource_index/parent_prefix_path/gr1-localization-orb-slam3
[70.533s] -- Installing: /home/nvidia/object_slam/install/gr1-localization-orb-slam3/share/gr1-localization-orb-slam3/environment/ament_prefix_path.sh
[70.533s] -- Installing: /home/nvidia/object_slam/install/gr1-localization-orb-slam3/share/gr1-localization-orb-slam3/environment/ament_prefix_path.dsv
[70.534s] -- Installing: /home/nvidia/object_slam/install/gr1-localization-orb-slam3/share/gr1-localization-orb-slam3/environment/path.sh
[70.534s] -- Installing: /home/nvidia/object_slam/install/gr1-localization-orb-slam3/share/gr1-localization-orb-slam3/environment/path.dsv
[70.534s] -- Installing: /home/nvidia/object_slam/install/gr1-localization-orb-slam3/share/gr1-localization-orb-slam3/local_setup.bash
[70.534s] -- Installing: /home/nvidia/object_slam/install/gr1-localization-orb-slam3/share/gr1-localization-orb-slam3/local_setup.sh
[70.535s] -- Installing: /home/nvidia/object_slam/install/gr1-localization-orb-slam3/share/gr1-localization-orb-slam3/local_setup.zsh
[70.535s] -- Installing: /home/nvidia/object_slam/install/gr1-localization-orb-slam3/share/gr1-localization-orb-slam3/local_setup.dsv
[70.535s] -- Installing: /home/nvidia/object_slam/install/gr1-localization-orb-slam3/share/gr1-localization-orb-slam3/package.dsv
[70.536s] -- Installing: /home/nvidia/object_slam/install/gr1-localization-orb-slam3/share/ament_index/resource_index/packages/gr1-localization-orb-slam3
[70.536s] -- Installing: /home/nvidia/object_slam/install/gr1-localization-orb-slam3/share/gr1-localization-orb-slam3/cmake/gr1-localization-orb-slam3Config.cmake
[70.536s] -- Installing: /home/nvidia/object_slam/install/gr1-localization-orb-slam3/share/gr1-localization-orb-slam3/cmake/gr1-localization-orb-slam3Config-version.cmake
[70.537s] -- Installing: /home/nvidia/object_slam/install/gr1-localization-orb-slam3/share/gr1-localization-orb-slam3/package.xml
[70.542s] Invoked command in '/home/nvidia/object_slam/build/gr1-localization-orb-slam3' returned '0': CMAKE_PREFIX_PATH=/opt/ros/foxy CONDA_PROMPT_MODIFIER=(base) /usr/bin/cmake --install /home/nvidia/object_slam/build/gr1-localization-orb-slam3
